Mon Mar 10 18:25:09 GMT 2014
 18:25:09 up  1:58,  0 users,  load average: 0.10, 0.08, 0.13
Mon Mar 10 18:27:35 GMT 2014
 18:27:35 up 2 min,  0 users,  load average: 0.00, 0.00, 0.00
Tue Mar 11 00:32:09 GMT 2014
 00:32:09 up  6:04,  0 users,  load average: 0.59, 0.55, 0.55
Tue Mar 11 14:08:38 GMT 2014
 14:08:38 up 15 min,  0 users,  load average: 0.25, 0.34, 0.25
Tue Mar 11 19:18:12 GMT 2014
 19:18:12 up  2:28,  0 users,  load average: 0.11, 0.15, 0.21
Thu Mar 13 00:22:34 GMT 2014
 00:22:34 up  1:48,  0 users,  load average: 0.10, 0.09, 0.14
Thu Mar 13 18:06:54 GMT 2014
 18:06:54 up  2:33,  0 users,  load average: 0.43, 0.59, 0.48
Sat Mar 15 16:17:59 GMT 2014
 16:17:59 up  1:50,  0 users,  load average: 0.07, 0.10, 0.13
Tue Mar 18 00:33:59 GMT 2014
 00:33:59 up  7:55,  1 user,  load average: 0.01, 0.05, 0.05
Wed Mar 19 01:02:45 GMT 2014
 01:02:45 up  6:51,  0 users,  load average: 0.14, 0.18, 0.17
Thu Mar 20 01:24:12 GMT 2014
 01:24:12 up  8:20,  1 user,  load average: 0.29, 0.26, 0.21
Fri Mar 21 01:49:47 GMT 2014
 01:49:47 up  8:07,  0 users,  load average: 1.01, 0.54, 0.25
Sat Mar 22 01:07:03 GMT 2014
 01:07:03 up  7:03,  1 user,  load average: 0.01, 0.03, 0.07
